<?xml version="1.0" encoding="UTF-8"?>
<testng-results ignored="0" total="2" passed="2" failed="0" skipped="0">
  <reporter-output>
  </reporter-output>
  <suite started-at="2025-12-08T11:45:53 IST" name="Default suite" finished-at="2025-12-08T11:48:15 IST" duration-ms="142046">
    <groups>
    </groups>
    <test started-at="2025-12-08T11:45:53 IST" name="Default test" finished-at="2025-12-08T11:48:15 IST" duration-ms="142046">
      <class name="testpackage.LoginTest">
        <test-method is-config="true" signature="extentReport()[pri:0, instance:testpackage.LoginTest@3cd3e762]" started-at="2025-12-08T11:45:53 IST" name="extentReport" finished-at="2025-12-08T11:46:03 IST" duration-ms="9192" status="PASS">
          <reporter-output>
          </reporter-output>
        </test-method> <!-- extentReport -->
        <test-method is-config="true" signature="beforeMethod()[pri:0, instance:testpackage.LoginTest@3cd3e762]" started-at="2025-12-08T11:46:03 IST" name="beforeMethod" finished-at="2025-12-08T11:46:12 IST" duration-ms="9544" status="PASS">
          <reporter-output>
          </reporter-output>
        </test-method> <!-- beforeMethod -->
        <test-method signature="titleVerification()[pri:0, instance:testpackage.LoginTest@3cd3e762]" started-at="2025-12-08T11:46:12 IST" name="titleVerification" finished-at="2025-12-08T11:46:12 IST" duration-ms="182" status="PASS">
          <reporter-output>
          </reporter-output>
        </test-method> <!-- titleVerification -->
        <test-method is-config="true" signature="resultCheck(org.testng.ITestResult)[pri:0, instance:testpackage.LoginTest@3cd3e762]" started-at="2025-12-08T11:46:12 IST" name="resultCheck" finished-at="2025-12-08T11:46:12 IST" duration-ms="17" status="PASS">
          <params>
            <param index="0">
              <value>
                <![CDATA[[TestResult name=titleVerification status=SUCCESS method=BaseClass.titleVerification()[pri:0, instance:testpackage.LoginTest@3cd3e762] output={null}]]]>
              </value>
            </param>
          </params>
          <reporter-output>
          </reporter-output>
        </test-method> <!-- resultCheck -->
        <test-method is-config="true" signature="beforeMethod()[pri:0, instance:testpackage.LoginTest@3cd3e762]" started-at="2025-12-08T11:46:12 IST" name="beforeMethod" finished-at="2025-12-08T11:46:15 IST" duration-ms="2400" status="PASS">
          <reporter-output>
          </reporter-output>
        </test-method> <!-- beforeMethod -->
        <test-method signature="verifyLoginWithValidCred()[pri:0, instance:testpackage.LoginTest@3cd3e762]" started-at="2025-12-08T11:46:15 IST" name="verifyLoginWithValidCred" finished-at="2025-12-08T11:48:14 IST" duration-ms="119298" status="PASS">
          <reporter-output>
          </reporter-output>
        </test-method> <!-- verifyLoginWithValidCred -->
        <test-method is-config="true" signature="resultCheck(org.testng.ITestResult)[pri:0, instance:testpackage.LoginTest@3cd3e762]" started-at="2025-12-08T11:48:14 IST" name="resultCheck" finished-at="2025-12-08T11:48:14 IST" duration-ms="55" status="PASS">
          <params>
            <param index="0">
              <value>
                <![CDATA[[TestResult name=verifyLoginWithValidCred status=SUCCESS method=LoginTest.verifyLoginWithValidCred()[pri:0, instance:testpackage.LoginTest@3cd3e762] output={null}]]]>
              </value>
            </param>
          </params>
          <reporter-output>
          </reporter-output>
        </test-method> <!-- resultCheck -->
        <test-method is-config="true" signature="tearDown()[pri:0, instance:testpackage.LoginTest@3cd3e762]" started-at="2025-12-08T11:48:14 IST" name="tearDown" finished-at="2025-12-08T11:48:15 IST" duration-ms="1132" status="PASS">
          <reporter-output>
          </reporter-output>
        </test-method> <!-- tearDown -->
      </class> <!-- testpackage.LoginTest -->
    </test> <!-- Default test -->
  </suite> <!-- Default suite -->
</testng-results>
